<?xml version="1.0" encoding="UTF-8"?>
<testsuite xmlns:xsi="http://www.w3.org/2001/XMLSchema-instance" xsi:noNamespaceSchemaLocation="https://maven.apache.org/surefire/maven-surefire-plugin/xsd/surefire-test-report.xsd" name="ru.netology.RadioTest" time="0.077" tests="12" errors="0" skipped="0" failures="0">
  <properties>
[...]
</properties>
  <testcase name="test10" classname="ru.netology.RadioTest" time="0.051"/>
  <testcase name="test11" classname="ru.netology.RadioTest" time="0"/>
  <testcase name="test12" classname="ru.netology.RadioTest" time="0.001"/>
  <testcase name="test1" classname="ru.netology.RadioTest" time="0.001"/>
  <testcase name="test2" classname="ru.netology.RadioTest" time="0.001"/>
  <testcase name="test3" classname="ru.netology.RadioTest" time="0.001"/>
  <testcase name="test4" classname="ru.netology.RadioTest" time="0.001"/>
  <testcase name="test5" classname="ru.netology.RadioTest" time="0"/>
  <testcase name="test6" classname="ru.netology.RadioTest" time="0.001"/>
  <testcase name="test7" classname="ru.netology.RadioTest" time="0.001"/>
  <testcase name="test8" classname="ru.netology.RadioTest" time="0.001"/>
  <testcase name="test9" classname="ru.netology.RadioTest" time="0.001"/>
</testsuite>